<?xml version="1.0" encoding="UTF-8"?>
<testng-results ignored="0" total="1" passed="1" failed="0" skipped="0">
  <reporter-output>
  </reporter-output>
  <suite started-at="2020-10-07T20:27:39 BRT" name="TestNG Listeners Suite" finished-at="2020-10-07T20:27:52 BRT" duration-ms="13223">
    <groups>
    </groups>
    <test started-at="2020-10-07T20:27:39 BRT" name="Test" finished-at="2020-10-07T20:27:52 BRT" duration-ms="13223">
      <class name="homepage.HomePageTests2">
        <test-method is-config="true" signature="inicializar()[pri:0, instance:homepage.HomePageTests2@4b8d604b]" started-at="2020-10-07T20:27:39 BRT" name="inicializar" finished-at="2020-10-07T20:27:43 BRT" duration-ms="3760" status="PASS">
          <reporter-output>
          </reporter-output>
        </test-method> <!-- inicializar -->
        <test-method is-config="true" signature="carregarPaginaInicial()[pri:0, instance:homepage.HomePageTests2@4b8d604b]" started-at="2020-10-07T20:27:43 BRT" name="carregarPaginaInicial" finished-at="2020-10-07T20:27:46 BRT" duration-ms="2663" status="PASS">
          <reporter-output>
          </reporter-output>
        </test-method> <!-- carregarPaginaInicial -->
        <test-method signature="testLoginComSucesso_UsuarioLogado()[pri:0, instance:homepage.HomePageTests2@4b8d604b]" started-at="2020-10-07T20:27:46 BRT" name="testLoginComSucesso_UsuarioLogado" finished-at="2020-10-07T20:27:52 BRT" duration-ms="6195" status="PASS">
          <reporter-output>
          </reporter-output>
        </test-method> <!-- testLoginComSucesso_UsuarioLogado -->
        <test-method is-config="true" signature="finalizar()[pri:0, instance:homepage.HomePageTests2@4b8d604b]" started-at="2020-10-07T20:27:52 BRT" name="finalizar" finished-at="2020-10-07T20:27:52 BRT" duration-ms="569" status="PASS">
          <reporter-output>
          </reporter-output>
        </test-method> <!-- finalizar -->
      </class> <!-- homepage.HomePageTests2 -->
    </test> <!-- Test -->
  </suite> <!-- TestNG Listeners Suite -->
</testng-results>
